<?xml version="1.0" encoding="UTF-8"?>
<!-- Generated by org.testng.reporters.JUnitReportReporter -->
<testsuite hostname="LAPTOP-2OIKUUQR" failures="0" tests="4" name="com.automation.AutomateECommerceWebsite" time="39.813" errors="0" timestamp="2022-10-12T03:59:53 IST" skipped="0">
  <testcase classname="com.automation.AutomateECommerceWebsite" name="openFireFoxBrowser" time="9.935"/>
  <testcase classname="com.automation.AutomateECommerceWebsite" name="openChromeBrowser" time="8.591"/>
  <testcase classname="com.automation.AutomateECommerceWebsite" name="testOnFireFox" time="10.762"/>
  <testcase classname="com.automation.AutomateECommerceWebsite" name="testOnChrome" time="10.525"/>
</testsuite> <!-- com.automation.AutomateECommerceWebsite -->
